<?xml version="1.0" encoding="UTF-8"?>
<!-- Generated by org.testng.reporters.JUnitXMLReporter -->
<testsuite ignored="0" hostname="DESKTOP-GRUOEUJ" failures="0" tests="4" name="Default test" time="0.274" errors="0" timestamp="2022-10-31T11:44:46 IST">
  <testcase classname="Practice.day2" name="dataclass" time="0.02"/>
  <testcase classname="Practice.day2" name="dataclass" time="0.008"/>
  <testcase classname="Practice.day2" name="dataclass" time="0.004"/>
  <testcase classname="Practice.day2" name="day" time="0.005"/>
</testsuite> <!-- Default test -->
