<?xml version="1.0" encoding="UTF-8"?>
<!-- Generated by org.testng.reporters.JUnitXMLReporter -->
<testsuite ignored="2" hostname="DESKTOP-GRUOEUJ" failures="0" tests="2" name="Car loan" time="0.113" errors="0" timestamp="2022-10-31T18:14:50 IST">
  <testcase classname="Practice.day3" name="zxamle" time="0.014"/>
  <testcase classname="Practice.day3" name="Afirstmethod" time="0.002"/>
  <testcase classname="Practice.day3" name="weblogincarloan" time="0.0">
    <ignored/>
  </testcase> <!-- weblogincarloan -->
  <testcase classname="Practice.day3" name="Mobilelogin" time="0.0">
    <ignored/>
  </testcase> <!-- Mobilelogin -->
</testsuite> <!-- Car loan -->
