<?xml version="1.0" encoding="UTF-8"?>
<!-- Generated by org.testng.reporters.JUnitXMLReporter -->
<testsuite ignored="1" hostname="DESKTOP-GRUOEUJ" failures="0" tests="3" name="Regression test" time="0.073" errors="0" timestamp="2022-10-31T10:18:14 IST">
  <testcase classname="Practice.day1" name="test" time="0.015"/>
  <testcase classname="Practice.day2" name="day" time="0.002"/>
  <testcase classname="Practice.day3" name="Mobilelogin" time="0.004"/>
  <testcase classname="Practice.day3" name="weblogincarloan" time="0.0">
    <ignored/>
  </testcase> <!-- weblogincarloan -->
</testsuite> <!-- Regression test -->
